========= COMPUTE-SANITIZER
========= Host API memory access error at host access to 0x7f49224ae800 of size 8 bytes
=========     Uninitialized access at 0x7f49224ae800 on access by cudaMemcpy source
=========     Saved host backtrace up to driver entry point at error
=========         Host Frame: sd::DataBuffer::syncToPrimary(sd::LaunchContext const*, bool) [0x6c43db] in libnd4jcuda.so
=========         Host Frame: dbSyncToPrimary(sd::InteropDataBuffer*) in NativeOpsHelpers_DataBuffers.cpp:764 [0x11c4eeb] in libnd4jcuda.so
=========         Host Frame: Java_org_nd4j_linalg_jcublas_bindings_Nd4jCuda_dbSyncToPrimary [0x1b6239] in libjnind4jcuda.so
=========         Host Frame:  [0x7f4b2920cc47]
========= 
========= Host API memory access error at host access to 0x7f49224af000 of size 8 bytes
=========     Uninitialized access at 0x7f49224af000 on access by cudaMemcpy source
=========     Saved host backtrace up to driver entry point at error
=========         Host Frame: sd::DataBuffer::syncToPrimary(sd::LaunchContext const*, bool) [0x6c43db] in libnd4jcuda.so
=========         Host Frame: dbSyncToPrimary(sd::InteropDataBuffer*) in NativeOpsHelpers_DataBuffers.cpp:764 [0x11c4eeb] in libnd4jcuda.so
=========         Host Frame: Java_org_nd4j_linalg_jcublas_bindings_Nd4jCuda_dbSyncToPrimary [0x1b6239] in libjnind4jcuda.so
=========         Host Frame:  [0x7f4b2920cc47]
========= 
========= Host API memory access error at host access to 0x7f49224af400 of size 4 bytes
=========     Uninitialized access at 0x7f49224af400 on access by cudaMemcpy source
=========     Saved host backtrace up to driver entry point at error
=========         Host Frame: sd::DataBuffer::syncToPrimary(sd::LaunchContext const*, bool) [0x6c43db] in libnd4jcuda.so
=========         Host Frame: dbSyncToPrimary(sd::InteropDataBuffer*) in NativeOpsHelpers_DataBuffers.cpp:764 [0x11c4eeb] in libnd4jcuda.so
=========         Host Frame: Java_org_nd4j_linalg_jcublas_bindings_Nd4jCuda_dbSyncToPrimary [0x1b6239] in libjnind4jcuda.so
=========         Host Frame:  [0x7f4b2920cc47]
========= 
========= Host API memory access error at host access to 0x7f49224afc00 of size 8 bytes
=========     Uninitialized access at 0x7f49224afc00 on access by cudaMemcpy source
=========     Saved host backtrace up to driver entry point at error
=========         Host Frame: sd::DataBuffer::syncToPrimary(sd::LaunchContext const*, bool) [0x6c43db] in libnd4jcuda.so
=========         Host Frame: dbSyncToPrimary(sd::InteropDataBuffer*) in NativeOpsHelpers_DataBuffers.cpp:764 [0x11c4eeb] in libnd4jcuda.so
=========         Host Frame: Java_org_nd4j_linalg_jcublas_bindings_Nd4jCuda_dbSyncToPrimary [0x1b6239] in libjnind4jcuda.so
=========         Host Frame:  [0x7f4b2920cc47]
========= 
========= Host API memory access error at host access to 0x7f49224b0000 of size 8 bytes
=========     Uninitialized access at 0x7f49224b0000 on access by cudaMemcpy source
=========     Saved host backtrace up to driver entry point at error
=========         Host Frame: sd::DataBuffer::syncToPrimary(sd::LaunchContext const*, bool) [0x6c43db] in libnd4jcuda.so
=========         Host Frame: dbSyncToPrimary(sd::InteropDataBuffer*) in NativeOpsHelpers_DataBuffers.cpp:764 [0x11c4eeb] in libnd4jcuda.so
=========         Host Frame: Java_org_nd4j_linalg_jcublas_bindings_Nd4jCuda_dbSyncToPrimary [0x1b6239] in libjnind4jcuda.so
=========         Host Frame:  [0x7f4b2920cc47]
========= 
========= Host API memory access error at host access to 0x7f49224b0400 of size 8 bytes
=========     Uninitialized access at 0x7f49224b0400 on access by cudaMemcpy source
=========     Saved host backtrace up to driver entry point at error
=========         Host Frame: sd::DataBuffer::syncToPrimary(sd::LaunchContext const*, bool) [0x6c43db] in libnd4jcuda.so
=========         Host Frame: dbSyncToPrimary(sd::InteropDataBuffer*) in NativeOpsHelpers_DataBuffers.cpp:764 [0x11c4eeb] in libnd4jcuda.so
=========         Host Frame: Java_org_nd4j_linalg_jcublas_bindings_Nd4jCuda_dbSyncToPrimary [0x1b6239] in libjnind4jcuda.so
=========         Host Frame:  [0x7f4b2920cc47]
========= 
========= Host API memory access error at host access to 0x7f49224b0800 of size 8 bytes
=========     Uninitialized access at 0x7f49224b0800 on access by cudaMemcpy source
=========     Saved host backtrace up to driver entry point at error
=========         Host Frame: sd::DataBuffer::syncToPrimary(sd::LaunchContext const*, bool) [0x6c43db] in libnd4jcuda.so
=========         Host Frame: dbSyncToPrimary(sd::InteropDataBuffer*) in NativeOpsHelpers_DataBuffers.cpp:764 [0x11c4eeb] in libnd4jcuda.so
=========         Host Frame: Java_org_nd4j_linalg_jcublas_bindings_Nd4jCuda_dbSyncToPrimary [0x1b6239] in libjnind4jcuda.so
=========         Host Frame:  [0x7f4b2920cc47]
========= 
========= Host API memory access error at host access to 0x7f49224b0c00 of size 4 bytes
=========     Uninitialized access at 0x7f49224b0c00 on access by cudaMemcpy source
=========     Saved host backtrace up to driver entry point at error
=========         Host Frame: sd::DataBuffer::syncToPrimary(sd::LaunchContext const*, bool) [0x6c43db] in libnd4jcuda.so
=========         Host Frame: dbSyncToPrimary(sd::InteropDataBuffer*) in NativeOpsHelpers_DataBuffers.cpp:764 [0x11c4eeb] in libnd4jcuda.so
=========         Host Frame: Java_org_nd4j_linalg_jcublas_bindings_Nd4jCuda_dbSyncToPrimary [0x1b6239] in libjnind4jcuda.so
=========         Host Frame:  [0x7f4b2920cc47]
========= 
========= Host API memory access error at host access to 0x7f49224b1000 of size 8 bytes
=========     Uninitialized access at 0x7f49224b1000 on access by cudaMemcpy source
=========     Saved host backtrace up to driver entry point at error
=========         Host Frame: sd::DataBuffer::syncToPrimary(sd::LaunchContext const*, bool) [0x6c43db] in libnd4jcuda.so
=========         Host Frame: dbSyncToPrimary(sd::InteropDataBuffer*) in NativeOpsHelpers_DataBuffers.cpp:764 [0x11c4eeb] in libnd4jcuda.so
=========         Host Frame: Java_org_nd4j_linalg_jcublas_bindings_Nd4jCuda_dbSyncToPrimary [0x1b6239] in libjnind4jcuda.so
=========         Host Frame:  [0x7f4b2920cc47]
========= 
========= Host API memory access error at host access to 0x7f49224b1400 of size 8 bytes
=========     Uninitialized access at 0x7f49224b1400 on access by cudaMemcpy source
=========     Saved host backtrace up to driver entry point at error
=========         Host Frame: sd::DataBuffer::syncToPrimary(sd::LaunchContext const*, bool) [0x6c43db] in libnd4jcuda.so
=========         Host Frame: dbSyncToPrimary(sd::InteropDataBuffer*) in NativeOpsHelpers_DataBuffers.cpp:764 [0x11c4eeb] in libnd4jcuda.so
=========         Host Frame: Java_org_nd4j_linalg_jcublas_bindings_Nd4jCuda_dbSyncToPrimary [0x1b6239] in libjnind4jcuda.so
=========         Host Frame:  [0x7f4b2920cc47]
========= 
========= Host API memory access error at host access to 0x7f49224b1800 of size 8 bytes
=========     Uninitialized access at 0x7f49224b1800 on access by cudaMemcpy source
=========     Saved host backtrace up to driver entry point at error
=========         Host Frame: sd::DataBuffer::syncToPrimary(sd::LaunchContext const*, bool) [0x6c43db] in libnd4jcuda.so
=========         Host Frame: dbSyncToPrimary(sd::InteropDataBuffer*) in NativeOpsHelpers_DataBuffers.cpp:764 [0x11c4eeb] in libnd4jcuda.so
=========         Host Frame: Java_org_nd4j_linalg_jcublas_bindings_Nd4jCuda_dbSyncToPrimary [0x1b6239] in libjnind4jcuda.so
=========         Host Frame:  [0x7f4b2920cc47]
========= 
========= Host API memory access error at host access to 0x7f49224b1c00 of size 8 bytes
=========     Uninitialized access at 0x7f49224b1c00 on access by cudaMemcpy source
=========     Saved host backtrace up to driver entry point at error
=========         Host Frame: sd::DataBuffer::syncToPrimary(sd::LaunchContext const*, bool) [0x6c43db] in libnd4jcuda.so
=========         Host Frame: dbSyncToPrimary(sd::InteropDataBuffer*) in NativeOpsHelpers_DataBuffers.cpp:764 [0x11c4eeb] in libnd4jcuda.so
=========         Host Frame: Java_org_nd4j_linalg_jcublas_bindings_Nd4jCuda_dbSyncToPrimary [0x1b6239] in libjnind4jcuda.so
=========         Host Frame:  [0x7f4b2920cc47]
========= 
========= Host API memory access error at host access to 0x7f49224b2000 of size 4 bytes
=========     Uninitialized access at 0x7f49224b2000 on access by cudaMemcpy source
=========     Saved host backtrace up to driver entry point at error
=========         Host Frame: sd::DataBuffer::syncToPrimary(sd::LaunchContext const*, bool) [0x6c43db] in libnd4jcuda.so
=========         Host Frame: dbSyncToPrimary(sd::InteropDataBuffer*) in NativeOpsHelpers_DataBuffers.cpp:764 [0x11c4eeb] in libnd4jcuda.so
=========         Host Frame: Java_org_nd4j_linalg_jcublas_bindings_Nd4jCuda_dbSyncToPrimary [0x1b6239] in libjnind4jcuda.so
=========         Host Frame:  [0x7f4b2920cc47]
========= 
========= Host API memory access error at host access to 0x7f49224b2400 of size 8 bytes
=========     Uninitialized access at 0x7f49224b2400 on access by cudaMemcpy source
=========     Saved host backtrace up to driver entry point at error
=========         Host Frame: sd::DataBuffer::syncToPrimary(sd::LaunchContext const*, bool) [0x6c43db] in libnd4jcuda.so
=========         Host Frame: dbSyncToPrimary(sd::InteropDataBuffer*) in NativeOpsHelpers_DataBuffers.cpp:764 [0x11c4eeb] in libnd4jcuda.so
=========         Host Frame: Java_org_nd4j_linalg_jcublas_bindings_Nd4jCuda_dbSyncToPrimary [0x1b6239] in libjnind4jcuda.so
=========         Host Frame:  [0x7f4b2920cc47]
========= 
========= Host API memory access error at host access to 0x7f49224b2800 of size 8 bytes
=========     Uninitialized access at 0x7f49224b2800 on access by cudaMemcpy source
=========     Saved host backtrace up to driver entry point at error
=========         Host Frame: sd::DataBuffer::syncToPrimary(sd::LaunchContext const*, bool) [0x6c43db] in libnd4jcuda.so
=========         Host Frame: dbSyncToPrimary(sd::InteropDataBuffer*) in NativeOpsHelpers_DataBuffers.cpp:764 [0x11c4eeb] in libnd4jcuda.so
=========         Host Frame: Java_org_nd4j_linalg_jcublas_bindings_Nd4jCuda_dbSyncToPrimary [0x1b6239] in libjnind4jcuda.so
=========         Host Frame:  [0x7f4b2920cc47]
========= 
========= Host API memory access error at host access to 0x7f49224b2c00 of size 8 bytes
=========     Uninitialized access at 0x7f49224b2c00 on access by cudaMemcpy source
=========     Saved host backtrace up to driver entry point at error
=========         Host Frame: sd::DataBuffer::syncToPrimary(sd::LaunchContext const*, bool) [0x6c43db] in libnd4jcuda.so
=========         Host Frame: dbSyncToPrimary(sd::InteropDataBuffer*) in NativeOpsHelpers_DataBuffers.cpp:764 [0x11c4eeb] in libnd4jcuda.so
=========         Host Frame: Java_org_nd4j_linalg_jcublas_bindings_Nd4jCuda_dbSyncToPrimary [0x1b6239] in libjnind4jcuda.so
=========         Host Frame:  [0x7f4b2920cc47]
========= 
========= Host API memory access error at host access to 0x7f49224b3000 of size 8 bytes
=========     Uninitialized access at 0x7f49224b3000 on access by cudaMemcpy source
=========     Saved host backtrace up to driver entry point at error
=========         Host Frame: sd::DataBuffer::syncToPrimary(sd::LaunchContext const*, bool) [0x6c43db] in libnd4jcuda.so
=========         Host Frame: dbSyncToPrimary(sd::InteropDataBuffer*) in NativeOpsHelpers_DataBuffers.cpp:764 [0x11c4eeb] in libnd4jcuda.so
=========         Host Frame: Java_org_nd4j_linalg_jcublas_bindings_Nd4jCuda_dbSyncToPrimary [0x1b6239] in libjnind4jcuda.so
=========         Host Frame:  [0x7f4b2920cc47]
========= 
========= Host API memory access error at host access to 0x7f49224b3400 of size 4 bytes
=========     Uninitialized access at 0x7f49224b3400 on access by cudaMemcpy source
=========     Saved host backtrace up to driver entry point at error
=========         Host Frame: sd::DataBuffer::syncToPrimary(sd::LaunchContext const*, bool) [0x6c43db] in libnd4jcuda.so
=========         Host Frame: dbSyncToPrimary(sd::InteropDataBuffer*) in NativeOpsHelpers_DataBuffers.cpp:764 [0x11c4eeb] in libnd4jcuda.so
=========         Host Frame: Java_org_nd4j_linalg_jcublas_bindings_Nd4jCuda_dbSyncToPrimary [0x1b6239] in libjnind4jcuda.so
=========         Host Frame:  [0x7f4b2920cc47]
========= 
========= Host API memory access error at host access to 0x7f49224b3800 of size 8 bytes
=========     Uninitialized access at 0x7f49224b3800 on access by cudaMemcpy source
=========     Saved host backtrace up to driver entry point at error
=========         Host Frame: sd::DataBuffer::syncToPrimary(sd::LaunchContext const*, bool) [0x6c43db] in libnd4jcuda.so
=========         Host Frame: dbSyncToPrimary(sd::InteropDataBuffer*) in NativeOpsHelpers_DataBuffers.cpp:764 [0x11c4eeb] in libnd4jcuda.so
=========         Host Frame: Java_org_nd4j_linalg_jcublas_bindings_Nd4jCuda_dbSyncToPrimary [0x1b6239] in libjnind4jcuda.so
=========         Host Frame:  [0x7f4b2920cc47]
========= 
========= Host API memory access error at host access to 0x7f49224b3c00 of size 8 bytes
=========     Uninitialized access at 0x7f49224b3c00 on access by cudaMemcpy source
=========     Saved host backtrace up to driver entry point at error
=========         Host Frame: sd::DataBuffer::syncToPrimary(sd::LaunchContext const*, bool) [0x6c43db] in libnd4jcuda.so
=========         Host Frame: dbSyncToPrimary(sd::InteropDataBuffer*) in NativeOpsHelpers_DataBuffers.cpp:764 [0x11c4eeb] in libnd4jcuda.so
=========         Host Frame: Java_org_nd4j_linalg_jcublas_bindings_Nd4jCuda_dbSyncToPrimary [0x1b6239] in libjnind4jcuda.so
=========         Host Frame:  [0x7f4b2920cc47]
========= 
========= Host API memory access error at host access to 0x7f49224b4000 of size 8 bytes
=========     Uninitialized access at 0x7f49224b4000 on access by cudaMemcpy source
=========     Saved host backtrace up to driver entry point at error
=========         Host Frame: sd::DataBuffer::syncToPrimary(sd::LaunchContext const*, bool) [0x6c43db] in libnd4jcuda.so
=========         Host Frame: dbSyncToPrimary(sd::InteropDataBuffer*) in NativeOpsHelpers_DataBuffers.cpp:764 [0x11c4eeb] in libnd4jcuda.so
=========         Host Frame: Java_org_nd4j_linalg_jcublas_bindings_Nd4jCuda_dbSyncToPrimary [0x1b6239] in libjnind4jcuda.so
=========         Host Frame:  [0x7f4b2920cc47]
========= 
========= Host API memory access error at host access to 0x7f49224b4400 of size 8 bytes
=========     Uninitialized access at 0x7f49224b4400 on access by cudaMemcpy source
=========     Saved host backtrace up to driver entry point at error
=========         Host Frame: sd::DataBuffer::syncToPrimary(sd::LaunchContext const*, bool) [0x6c43db] in libnd4jcuda.so
=========         Host Frame: dbSyncToPrimary(sd::InteropDataBuffer*) in NativeOpsHelpers_DataBuffers.cpp:764 [0x11c4eeb] in libnd4jcuda.so
=========         Host Frame: Java_org_nd4j_linalg_jcublas_bindings_Nd4jCuda_dbSyncToPrimary [0x1b6239] in libjnind4jcuda.so
=========         Host Frame:  [0x7f4b2920cc47]
========= 
========= Host API memory access error at host access to 0x7f49224b4800 of size 4 bytes
=========     Uninitialized access at 0x7f49224b4800 on access by cudaMemcpy source
=========     Saved host backtrace up to driver entry point at error
=========         Host Frame: sd::DataBuffer::syncToPrimary(sd::LaunchContext const*, bool) [0x6c43db] in libnd4jcuda.so
=========         Host Frame: dbSyncToPrimary(sd::InteropDataBuffer*) in NativeOpsHelpers_DataBuffers.cpp:764 [0x11c4eeb] in libnd4jcuda.so
=========         Host Frame: Java_org_nd4j_linalg_jcublas_bindings_Nd4jCuda_dbSyncToPrimary [0x1b6239] in libjnind4jcuda.so
=========         Host Frame:  [0x7f4b2920cc47]
========= 
========= Host API memory access error at host access to 0x7f49224b4c00 of size 8 bytes
=========     Uninitialized access at 0x7f49224b4c00 on access by cudaMemcpy source
=========     Saved host backtrace up to driver entry point at error
=========         Host Frame: sd::DataBuffer::syncToPrimary(sd::LaunchContext const*, bool) [0x6c43db] in libnd4jcuda.so
=========         Host Frame: dbSyncToPrimary(sd::InteropDataBuffer*) in NativeOpsHelpers_DataBuffers.cpp:764 [0x11c4eeb] in libnd4jcuda.so
=========         Host Frame: Java_org_nd4j_linalg_jcublas_bindings_Nd4jCuda_dbSyncToPrimary [0x1b6239] in libjnind4jcuda.so
=========         Host Frame:  [0x7f4b2920cc47]
========= 
========= Host API memory access error at host access to 0x7f49224b5000 of size 8 bytes
=========     Uninitialized access at 0x7f49224b5000 on access by cudaMemcpy source
=========     Saved host backtrace up to driver entry point at error
=========         Host Frame: sd::DataBuffer::syncToPrimary(sd::LaunchContext const*, bool) [0x6c43db] in libnd4jcuda.so
=========         Host Frame: dbSyncToPrimary(sd::InteropDataBuffer*) in NativeOpsHelpers_DataBuffers.cpp:764 [0x11c4eeb] in libnd4jcuda.so
=========         Host Frame: Java_org_nd4j_linalg_jcublas_bindings_Nd4jCuda_dbSyncToPrimary [0x1b6239] in libjnind4jcuda.so
=========         Host Frame:  [0x7f4b2920cc47]
========= 
========= Host API memory access error at host access to 0x7f49224b5400 of size 8 bytes
=========     Uninitialized access at 0x7f49224b5400 on access by cudaMemcpy source
=========     Saved host backtrace up to driver entry point at error
=========         Host Frame: sd::DataBuffer::syncToPrimary(sd::LaunchContext const*, bool) [0x6c43db] in libnd4jcuda.so
=========         Host Frame: dbSyncToPrimary(sd::InteropDataBuffer*) in NativeOpsHelpers_DataBuffers.cpp:764 [0x11c4eeb] in libnd4jcuda.so
=========         Host Frame: Java_org_nd4j_linalg_jcublas_bindings_Nd4jCuda_dbSyncToPrimary [0x1b6239] in libjnind4jcuda.so
=========         Host Frame:  [0x7f4b2920cc47]
========= 
========= Host API memory access error at host access to 0x7f49224b5800 of size 8 bytes
=========     Uninitialized access at 0x7f49224b5800 on access by cudaMemcpy source
=========     Saved host backtrace up to driver entry point at error
=========         Host Frame: sd::DataBuffer::syncToPrimary(sd::LaunchContext const*, bool) [0x6c43db] in libnd4jcuda.so
=========         Host Frame: dbSyncToPrimary(sd::InteropDataBuffer*) in NativeOpsHelpers_DataBuffers.cpp:764 [0x11c4eeb] in libnd4jcuda.so
=========         Host Frame: Java_org_nd4j_linalg_jcublas_bindings_Nd4jCuda_dbSyncToPrimary [0x1b6239] in libjnind4jcuda.so
=========         Host Frame:  [0x7f4b2920cc47]
========= 
========= Host API memory access error at host access to 0x7f49224b5c00 of size 4 bytes
=========     Uninitialized access at 0x7f49224b5c00 on access by cudaMemcpy source
=========     Saved host backtrace up to driver entry point at error
=========         Host Frame: sd::DataBuffer::syncToPrimary(sd::LaunchContext const*, bool) [0x6c43db] in libnd4jcuda.so
=========         Host Frame: dbSyncToPrimary(sd::InteropDataBuffer*) in NativeOpsHelpers_DataBuffers.cpp:764 [0x11c4eeb] in libnd4jcuda.so
=========         Host Frame: Java_org_nd4j_linalg_jcublas_bindings_Nd4jCuda_dbSyncToPrimary [0x1b6239] in libjnind4jcuda.so
=========         Host Frame:  [0x7f4b2920cc47]
========= 
========= Host API memory access error at host access to 0x7f49224b6000 of size 8 bytes
=========     Uninitialized access at 0x7f49224b6000 on access by cudaMemcpy source
=========     Saved host backtrace up to driver entry point at error
=========         Host Frame: sd::DataBuffer::syncToPrimary(sd::LaunchContext const*, bool) [0x6c43db] in libnd4jcuda.so
=========         Host Frame: dbSyncToPrimary(sd::InteropDataBuffer*) in NativeOpsHelpers_DataBuffers.cpp:764 [0x11c4eeb] in libnd4jcuda.so
=========         Host Frame: Java_org_nd4j_linalg_jcublas_bindings_Nd4jCuda_dbSyncToPrimary [0x1b6239] in libjnind4jcuda.so
=========         Host Frame:  [0x7f4b2920cc47]
========= 
========= Host API memory access error at host access to 0x7f49224b6400 of size 8 bytes
=========     Uninitialized access at 0x7f49224b6400 on access by cudaMemcpy source
=========     Saved host backtrace up to driver entry point at error
=========         Host Frame: sd::DataBuffer::syncToPrimary(sd::LaunchContext const*, bool) [0x6c43db] in libnd4jcuda.so
=========         Host Frame: dbSyncToPrimary(sd::InteropDataBuffer*) in NativeOpsHelpers_DataBuffers.cpp:764 [0x11c4eeb] in libnd4jcuda.so
=========         Host Frame: Java_org_nd4j_linalg_jcublas_bindings_Nd4jCuda_dbSyncToPrimary [0x1b6239] in libjnind4jcuda.so
=========         Host Frame:  [0x7f4b2920cc47]
========= 
========= Host API memory access error at host access to 0x7f49224b6800 of size 8 bytes
=========     Uninitialized access at 0x7f49224b6800 on access by cudaMemcpy source
=========     Saved host backtrace up to driver entry point at error
=========         Host Frame: sd::DataBuffer::syncToPrimary(sd::LaunchContext const*, bool) [0x6c43db] in libnd4jcuda.so
=========         Host Frame: dbSyncToPrimary(sd::InteropDataBuffer*) in NativeOpsHelpers_DataBuffers.cpp:764 [0x11c4eeb] in libnd4jcuda.so
=========         Host Frame: Java_org_nd4j_linalg_jcublas_bindings_Nd4jCuda_dbSyncToPrimary [0x1b6239] in libjnind4jcuda.so
=========         Host Frame:  [0x7f4b2920cc47]
========= 
========= Host API memory access error at host access to 0x7f49224b6c00 of size 8 bytes
=========     Uninitialized access at 0x7f49224b6c00 on access by cudaMemcpy source
=========     Saved host backtrace up to driver entry point at error
=========         Host Frame: sd::DataBuffer::syncToPrimary(sd::LaunchContext const*, bool) [0x6c43db] in libnd4jcuda.so
=========         Host Frame: dbSyncToPrimary(sd::InteropDataBuffer*) in NativeOpsHelpers_DataBuffers.cpp:764 [0x11c4eeb] in libnd4jcuda.so
=========         Host Frame: Java_org_nd4j_linalg_jcublas_bindings_Nd4jCuda_dbSyncToPrimary [0x1b6239] in libjnind4jcuda.so
=========         Host Frame:  [0x7f4b2920cc47]
========= 
========= Host API memory access error at host access to 0x7f49224b7000 of size 4 bytes
=========     Uninitialized access at 0x7f49224b7000 on access by cudaMemcpy source
=========     Saved host backtrace up to driver entry point at error
=========         Host Frame: sd::DataBuffer::syncToPrimary(sd::LaunchContext const*, bool) [0x6c43db] in libnd4jcuda.so
=========         Host Frame: dbSyncToPrimary(sd::InteropDataBuffer*) in NativeOpsHelpers_DataBuffers.cpp:764 [0x11c4eeb] in libnd4jcuda.so
=========         Host Frame: Java_org_nd4j_linalg_jcublas_bindings_Nd4jCuda_dbSyncToPrimary [0x1b6239] in libjnind4jcuda.so
=========         Host Frame:  [0x7f4b2920cc47]
========= 
========= Host API memory access error at host access to 0x7f49224b7400 of size 8 bytes
=========     Uninitialized access at 0x7f49224b7400 on access by cudaMemcpy source
=========     Saved host backtrace up to driver entry point at error
=========         Host Frame: sd::DataBuffer::syncToPrimary(sd::LaunchContext const*, bool) [0x6c43db] in libnd4jcuda.so
=========         Host Frame: dbSyncToPrimary(sd::InteropDataBuffer*) in NativeOpsHelpers_DataBuffers.cpp:764 [0x11c4eeb] in libnd4jcuda.so
=========         Host Frame: Java_org_nd4j_linalg_jcublas_bindings_Nd4jCuda_dbSyncToPrimary [0x1b6239] in libjnind4jcuda.so
=========         Host Frame:  [0x7f4b2920cc47]
========= 
========= Host API memory access error at host access to 0x7f49224b7800 of size 8 bytes
=========     Uninitialized access at 0x7f49224b7800 on access by cudaMemcpy source
=========     Saved host backtrace up to driver entry point at error
=========         Host Frame: sd::DataBuffer::syncToPrimary(sd::LaunchContext const*, bool) [0x6c43db] in libnd4jcuda.so
=========         Host Frame: dbSyncToPrimary(sd::InteropDataBuffer*) in NativeOpsHelpers_DataBuffers.cpp:764 [0x11c4eeb] in libnd4jcuda.so
=========         Host Frame: Java_org_nd4j_linalg_jcublas_bindings_Nd4jCuda_dbSyncToPrimary [0x1b6239] in libjnind4jcuda.so
=========         Host Frame:  [0x7f4b2920cc47]
========= 
========= Host API memory access error at host access to 0x7f49224b7c00 of size 8 bytes
=========     Uninitialized access at 0x7f49224b7c00 on access by cudaMemcpy source
=========     Saved host backtrace up to driver entry point at error
=========         Host Frame: sd::DataBuffer::syncToPrimary(sd::LaunchContext const*, bool) [0x6c43db] in libnd4jcuda.so
=========         Host Frame: dbSyncToPrimary(sd::InteropDataBuffer*) in NativeOpsHelpers_DataBuffers.cpp:764 [0x11c4eeb] in libnd4jcuda.so
=========         Host Frame: Java_org_nd4j_linalg_jcublas_bindings_Nd4jCuda_dbSyncToPrimary [0x1b6239] in libjnind4jcuda.so
=========         Host Frame:  [0x7f4b2920cc47]
========= 
========= Host API memory access error at host access to 0x7f49224b8000 of size 8 bytes
=========     Uninitialized access at 0x7f49224b8000 on access by cudaMemcpy source
=========     Saved host backtrace up to driver entry point at error
=========         Host Frame: sd::DataBuffer::syncToPrimary(sd::LaunchContext const*, bool) [0x6c43db] in libnd4jcuda.so
=========         Host Frame: dbSyncToPrimary(sd::InteropDataBuffer*) in NativeOpsHelpers_DataBuffers.cpp:764 [0x11c4eeb] in libnd4jcuda.so
=========         Host Frame: Java_org_nd4j_linalg_jcublas_bindings_Nd4jCuda_dbSyncToPrimary [0x1b6239] in libjnind4jcuda.so
=========         Host Frame:  [0x7f4b2920cc47]
========= 
========= Host API memory access error at host access to 0x7f49224b8400 of size 4 bytes
=========     Uninitialized access at 0x7f49224b8400 on access by cudaMemcpy source
=========     Saved host backtrace up to driver entry point at error
=========         Host Frame: sd::DataBuffer::syncToPrimary(sd::LaunchContext const*, bool) [0x6c43db] in libnd4jcuda.so
=========         Host Frame: dbSyncToPrimary(sd::InteropDataBuffer*) in NativeOpsHelpers_DataBuffers.cpp:764 [0x11c4eeb] in libnd4jcuda.so
=========         Host Frame: Java_org_nd4j_linalg_jcublas_bindings_Nd4jCuda_dbSyncToPrimary [0x1b6239] in libjnind4jcuda.so
=========         Host Frame:  [0x7f4b2920cc47]
========= 
========= Host API memory access error at host access to 0x7f49224b8800 of size 8 bytes
=========     Uninitialized access at 0x7f49224b8800 on access by cudaMemcpy source
=========     Saved host backtrace up to driver entry point at error
=========         Host Frame: sd::DataBuffer::syncToPrimary(sd::LaunchContext const*, bool) [0x6c43db] in libnd4jcuda.so
=========         Host Frame: dbSyncToPrimary(sd::InteropDataBuffer*) in NativeOpsHelpers_DataBuffers.cpp:764 [0x11c4eeb] in libnd4jcuda.so
=========         Host Frame: Java_org_nd4j_linalg_jcublas_bindings_Nd4jCuda_dbSyncToPrimary [0x1b6239] in libjnind4jcuda.so
=========         Host Frame:  [0x7f4b2920cc47]
========= 
========= Host API memory access error at host access to 0x7f49224b8c00 of size 8 bytes
=========     Uninitialized access at 0x7f49224b8c00 on access by cudaMemcpy source
=========     Saved host backtrace up to driver entry point at error
=========         Host Frame: sd::DataBuffer::syncToPrimary(sd::LaunchContext const*, bool) [0x6c43db] in libnd4jcuda.so
=========         Host Frame: dbSyncToPrimary(sd::InteropDataBuffer*) in NativeOpsHelpers_DataBuffers.cpp:764 [0x11c4eeb] in libnd4jcuda.so
=========         Host Frame: Java_org_nd4j_linalg_jcublas_bindings_Nd4jCuda_dbSyncToPrimary [0x1b6239] in libjnind4jcuda.so
=========         Host Frame:  [0x7f4b2920cc47]
========= 
========= Host API memory access error at host access to 0x7f49224b9000 of size 8 bytes
=========     Uninitialized access at 0x7f49224b9000 on access by cudaMemcpy source
=========     Saved host backtrace up to driver entry point at error
=========         Host Frame: sd::DataBuffer::syncToPrimary(sd::LaunchContext const*, bool) [0x6c43db] in libnd4jcuda.so
=========         Host Frame: dbSyncToPrimary(sd::InteropDataBuffer*) in NativeOpsHelpers_DataBuffers.cpp:764 [0x11c4eeb] in libnd4jcuda.so
=========         Host Frame: Java_org_nd4j_linalg_jcublas_bindings_Nd4jCuda_dbSyncToPrimary [0x1b6239] in libjnind4jcuda.so
=========         Host Frame:  [0x7f4b2920cc47]
========= 
========= Host API memory access error at host access to 0x7f49224b9400 of size 8 bytes
=========     Uninitialized access at 0x7f49224b9400 on access by cudaMemcpy source
=========     Saved host backtrace up to driver entry point at error
=========         Host Frame: sd::DataBuffer::syncToPrimary(sd::LaunchContext const*, bool) [0x6c43db] in libnd4jcuda.so
=========         Host Frame: dbSyncToPrimary(sd::InteropDataBuffer*) in NativeOpsHelpers_DataBuffers.cpp:764 [0x11c4eeb] in libnd4jcuda.so
=========         Host Frame: Java_org_nd4j_linalg_jcublas_bindings_Nd4jCuda_dbSyncToPrimary [0x1b6239] in libjnind4jcuda.so
=========         Host Frame:  [0x7f4b2920cc47]
========= 
========= Host API memory access error at host access to 0x7f49224b9800 of size 4 bytes
=========     Uninitialized access at 0x7f49224b9800 on access by cudaMemcpy source
=========     Saved host backtrace up to driver entry point at error
=========         Host Frame: sd::DataBuffer::syncToPrimary(sd::LaunchContext const*, bool) [0x6c43db] in libnd4jcuda.so
=========         Host Frame: dbSyncToPrimary(sd::InteropDataBuffer*) in NativeOpsHelpers_DataBuffers.cpp:764 [0x11c4eeb] in libnd4jcuda.so
=========         Host Frame: Java_org_nd4j_linalg_jcublas_bindings_Nd4jCuda_dbSyncToPrimary [0x1b6239] in libjnind4jcuda.so
=========         Host Frame:  [0x7f4b2920cc47]
========= 
========= Host API memory access error at host access to 0x7f49224b9c00 of size 8 bytes
=========     Uninitialized access at 0x7f49224b9c00 on access by cudaMemcpy source
=========     Saved host backtrace up to driver entry point at error
=========         Host Frame: sd::DataBuffer::syncToPrimary(sd::LaunchContext const*, bool) [0x6c43db] in libnd4jcuda.so
=========         Host Frame: dbSyncToPrimary(sd::InteropDataBuffer*) in NativeOpsHelpers_DataBuffers.cpp:764 [0x11c4eeb] in libnd4jcuda.so
=========         Host Frame: Java_org_nd4j_linalg_jcublas_bindings_Nd4jCuda_dbSyncToPrimary [0x1b6239] in libjnind4jcuda.so
=========         Host Frame:  [0x7f4b2920cc47]
========= 
========= Host API memory access error at host access to 0x7f49224ba000 of size 8 bytes
=========     Uninitialized access at 0x7f49224ba000 on access by cudaMemcpy source
=========     Saved host backtrace up to driver entry point at error
=========         Host Frame: sd::DataBuffer::syncToPrimary(sd::LaunchContext const*, bool) [0x6c43db] in libnd4jcuda.so
=========         Host Frame: dbSyncToPrimary(sd::InteropDataBuffer*) in NativeOpsHelpers_DataBuffers.cpp:764 [0x11c4eeb] in libnd4jcuda.so
=========         Host Frame: Java_org_nd4j_linalg_jcublas_bindings_Nd4jCuda_dbSyncToPrimary [0x1b6239] in libjnind4jcuda.so
=========         Host Frame:  [0x7f4b2920cc47]
========= 
========= Host API memory access error at host access to 0x7f49224ba400 of size 8 bytes
=========     Uninitialized access at 0x7f49224ba400 on access by cudaMemcpy source
=========     Saved host backtrace up to driver entry point at error
=========         Host Frame: sd::DataBuffer::syncToPrimary(sd::LaunchContext const*, bool) [0x6c43db] in libnd4jcuda.so
=========         Host Frame: dbSyncToPrimary(sd::InteropDataBuffer*) in NativeOpsHelpers_DataBuffers.cpp:764 [0x11c4eeb] in libnd4jcuda.so
=========         Host Frame: Java_org_nd4j_linalg_jcublas_bindings_Nd4jCuda_dbSyncToPrimary [0x1b6239] in libjnind4jcuda.so
=========         Host Frame:  [0x7f4b2920cc47]
========= 
========= Host API memory access error at host access to 0x7f49224ba800 of size 8 bytes
=========     Uninitialized access at 0x7f49224ba800 on access by cudaMemcpy source
=========     Saved host backtrace up to driver entry point at error
=========         Host Frame: sd::DataBuffer::syncToPrimary(sd::LaunchContext const*, bool) [0x6c43db] in libnd4jcuda.so
=========         Host Frame: dbSyncToPrimary(sd::InteropDataBuffer*) in NativeOpsHelpers_DataBuffers.cpp:764 [0x11c4eeb] in libnd4jcuda.so
=========         Host Frame: Java_org_nd4j_linalg_jcublas_bindings_Nd4jCuda_dbSyncToPrimary [0x1b6239] in libjnind4jcuda.so
=========         Host Frame:  [0x7f4b2920cc47]
========= 
========= Host API memory access error at host access to 0x7f49224bac00 of size 4 bytes
=========     Uninitialized access at 0x7f49224bac00 on access by cudaMemcpy source
=========     Saved host backtrace up to driver entry point at error
=========         Host Frame: sd::DataBuffer::syncToPrimary(sd::LaunchContext const*, bool) [0x6c43db] in libnd4jcuda.so
=========         Host Frame: dbSyncToPrimary(sd::InteropDataBuffer*) in NativeOpsHelpers_DataBuffers.cpp:764 [0x11c4eeb] in libnd4jcuda.so
=========         Host Frame: Java_org_nd4j_linalg_jcublas_bindings_Nd4jCuda_dbSyncToPrimary [0x1b6239] in libjnind4jcuda.so
=========         Host Frame:  [0x7f4b2920cc47]
========= 
========= Host API memory access error at host access to 0x7f49224bb000 of size 8 bytes
=========     Uninitialized access at 0x7f49224bb000 on access by cudaMemcpy source
=========     Saved host backtrace up to driver entry point at error
=========         Host Frame: sd::DataBuffer::syncToPrimary(sd::LaunchContext const*, bool) [0x6c43db] in libnd4jcuda.so
=========         Host Frame: dbSyncToPrimary(sd::InteropDataBuffer*) in NativeOpsHelpers_DataBuffers.cpp:764 [0x11c4eeb] in libnd4jcuda.so
=========         Host Frame: Java_org_nd4j_linalg_jcublas_bindings_Nd4jCuda_dbSyncToPrimary [0x1b6239] in libjnind4jcuda.so
=========         Host Frame:  [0x7f4b2920cc47]
========= 
========= Host API memory access error at host access to 0x7f49224bb400 of size 8 bytes
=========     Uninitialized access at 0x7f49224bb400 on access by cudaMemcpy source
=========     Saved host backtrace up to driver entry point at error
=========         Host Frame: sd::DataBuffer::syncToPrimary(sd::LaunchContext const*, bool) [0x6c43db] in libnd4jcuda.so
=========         Host Frame: dbSyncToPrimary(sd::InteropDataBuffer*) in NativeOpsHelpers_DataBuffers.cpp:764 [0x11c4eeb] in libnd4jcuda.so
=========         Host Frame: Java_org_nd4j_linalg_jcublas_bindings_Nd4jCuda_dbSyncToPrimary [0x1b6239] in libjnind4jcuda.so
=========         Host Frame:  [0x7f4b2920cc47]
========= 
========= Host API memory access error at host access to 0x7f49224bb800 of size 8 bytes
=========     Uninitialized access at 0x7f49224bb800 on access by cudaMemcpy source
=========     Saved host backtrace up to driver entry point at error
=========         Host Frame: sd::DataBuffer::syncToPrimary(sd::LaunchContext const*, bool) [0x6c43db] in libnd4jcuda.so
=========         Host Frame: dbSyncToPrimary(sd::InteropDataBuffer*) in NativeOpsHelpers_DataBuffers.cpp:764 [0x11c4eeb] in libnd4jcuda.so
=========         Host Frame: Java_org_nd4j_linalg_jcublas_bindings_Nd4jCuda_dbSyncToPrimary [0x1b6239] in libjnind4jcuda.so
=========         Host Frame:  [0x7f4b2920cc47]
========= 
========= Host API memory access error at host access to 0x7f49224bbc00 of size 8 bytes
=========     Uninitialized access at 0x7f49224bbc00 on access by cudaMemcpy source
=========     Saved host backtrace up to driver entry point at error
=========         Host Frame: sd::DataBuffer::syncToPrimary(sd::LaunchContext const*, bool) [0x6c43db] in libnd4jcuda.so
=========         Host Frame: dbSyncToPrimary(sd::InteropDataBuffer*) in NativeOpsHelpers_DataBuffers.cpp:764 [0x11c4eeb] in libnd4jcuda.so
=========         Host Frame: Java_org_nd4j_linalg_jcublas_bindings_Nd4jCuda_dbSyncToPrimary [0x1b6239] in libjnind4jcuda.so
=========         Host Frame:  [0x7f4b2920cc47]
========= 
========= Host API memory access error at host access to 0x7f49224bc000 of size 4 bytes
=========     Uninitialized access at 0x7f49224bc000 on access by cudaMemcpy source
=========     Saved host backtrace up to driver entry point at error
=========         Host Frame: sd::DataBuffer::syncToPrimary(sd::LaunchContext const*, bool) [0x6c43db] in libnd4jcuda.so
=========         Host Frame: dbSyncToPrimary(sd::InteropDataBuffer*) in NativeOpsHelpers_DataBuffers.cpp:764 [0x11c4eeb] in libnd4jcuda.so
=========         Host Frame: Java_org_nd4j_linalg_jcublas_bindings_Nd4jCuda_dbSyncToPrimary [0x1b6239] in libjnind4jcuda.so
=========         Host Frame:  [0x7f4b2920cc47]
========= 
========= Host API memory access error at host access to 0x7f49224bc400 of size 8 bytes
=========     Uninitialized access at 0x7f49224bc400 on access by cudaMemcpy source
=========     Saved host backtrace up to driver entry point at error
=========         Host Frame: sd::DataBuffer::syncToPrimary(sd::LaunchContext const*, bool) [0x6c43db] in libnd4jcuda.so
=========         Host Frame: dbSyncToPrimary(sd::InteropDataBuffer*) in NativeOpsHelpers_DataBuffers.cpp:764 [0x11c4eeb] in libnd4jcuda.so
=========         Host Frame: Java_org_nd4j_linalg_jcublas_bindings_Nd4jCuda_dbSyncToPrimary [0x1b6239] in libjnind4jcuda.so
=========         Host Frame:  [0x7f4b2920cc47]
========= 
========= Host API memory access error at host access to 0x7f49224bc800 of size 8 bytes
=========     Uninitialized access at 0x7f49224bc800 on access by cudaMemcpy source
=========     Saved host backtrace up to driver entry point at error
=========         Host Frame: sd::DataBuffer::syncToPrimary(sd::LaunchContext const*, bool) [0x6c43db] in libnd4jcuda.so
=========         Host Frame: dbSyncToPrimary(sd::InteropDataBuffer*) in NativeOpsHelpers_DataBuffers.cpp:764 [0x11c4eeb] in libnd4jcuda.so
=========         Host Frame: Java_org_nd4j_linalg_jcublas_bindings_Nd4jCuda_dbSyncToPrimary [0x1b6239] in libjnind4jcuda.so
=========         Host Frame:  [0x7f4b2920cc47]
========= 
========= Host API memory access error at host access to 0x7f49224bcc00 of size 8 bytes
=========     Uninitialized access at 0x7f49224bcc00 on access by cudaMemcpy source
=========     Saved host backtrace up to driver entry point at error
=========         Host Frame: sd::DataBuffer::syncToPrimary(sd::LaunchContext const*, bool) [0x6c43db] in libnd4jcuda.so
=========         Host Frame: dbSyncToPrimary(sd::InteropDataBuffer*) in NativeOpsHelpers_DataBuffers.cpp:764 [0x11c4eeb] in libnd4jcuda.so
=========         Host Frame: Java_org_nd4j_linalg_jcublas_bindings_Nd4jCuda_dbSyncToPrimary [0x1b6239] in libjnind4jcuda.so
=========         Host Frame:  [0x7f4b2920cc47]
========= 
========= Host API memory access error at host access to 0x7f49224bd000 of size 8 bytes
=========     Uninitialized access at 0x7f49224bd000 on access by cudaMemcpy source
=========     Saved host backtrace up to driver entry point at error
=========         Host Frame: sd::DataBuffer::syncToPrimary(sd::LaunchContext const*, bool) [0x6c43db] in libnd4jcuda.so
=========         Host Frame: dbSyncToPrimary(sd::InteropDataBuffer*) in NativeOpsHelpers_DataBuffers.cpp:764 [0x11c4eeb] in libnd4jcuda.so
=========         Host Frame: Java_org_nd4j_linalg_jcublas_bindings_Nd4jCuda_dbSyncToPrimary [0x1b6239] in libjnind4jcuda.so
=========         Host Frame:  [0x7f4b2920cc47]
========= 
========= Host API memory access error at host access to 0x7f49224bd400 of size 4 bytes
=========     Uninitialized access at 0x7f49224bd400 on access by cudaMemcpy source
=========     Saved host backtrace up to driver entry point at error
=========         Host Frame: sd::DataBuffer::syncToPrimary(sd::LaunchContext const*, bool) [0x6c43db] in libnd4jcuda.so
=========         Host Frame: dbSyncToPrimary(sd::InteropDataBuffer*) in NativeOpsHelpers_DataBuffers.cpp:764 [0x11c4eeb] in libnd4jcuda.so
=========         Host Frame: Java_org_nd4j_linalg_jcublas_bindings_Nd4jCuda_dbSyncToPrimary [0x1b6239] in libjnind4jcuda.so
=========         Host Frame:  [0x7f4b2920cc47]
========= 
========= Host API memory access error at host access to 0x7f49224bd800 of size 8 bytes
=========     Uninitialized access at 0x7f49224bd800 on access by cudaMemcpy source
=========     Saved host backtrace up to driver entry point at error
=========         Host Frame: sd::DataBuffer::syncToPrimary(sd::LaunchContext const*, bool) [0x6c43db] in libnd4jcuda.so
=========         Host Frame: dbSyncToPrimary(sd::InteropDataBuffer*) in NativeOpsHelpers_DataBuffers.cpp:764 [0x11c4eeb] in libnd4jcuda.so
=========         Host Frame: Java_org_nd4j_linalg_jcublas_bindings_Nd4jCuda_dbSyncToPrimary [0x1b6239] in libjnind4jcuda.so
=========         Host Frame:  [0x7f4b2920cc47]
========= 
========= Host API memory access error at host access to 0x7f49224bdc00 of size 8 bytes
=========     Uninitialized access at 0x7f49224bdc00 on access by cudaMemcpy source
=========     Saved host backtrace up to driver entry point at error
=========         Host Frame: sd::DataBuffer::syncToPrimary(sd::LaunchContext const*, bool) [0x6c43db] in libnd4jcuda.so
=========         Host Frame: dbSyncToPrimary(sd::InteropDataBuffer*) in NativeOpsHelpers_DataBuffers.cpp:764 [0x11c4eeb] in libnd4jcuda.so
=========         Host Frame: Java_org_nd4j_linalg_jcublas_bindings_Nd4jCuda_dbSyncToPrimary [0x1b6239] in libjnind4jcuda.so
=========         Host Frame:  [0x7f4b2920cc47]
========= 
========= Host API memory access error at host access to 0x7f49224be000 of size 8 bytes
=========     Uninitialized access at 0x7f49224be000 on access by cudaMemcpy source
=========     Saved host backtrace up to driver entry point at error
=========         Host Frame: sd::DataBuffer::syncToPrimary(sd::LaunchContext const*, bool) [0x6c43db] in libnd4jcuda.so
=========         Host Frame: dbSyncToPrimary(sd::InteropDataBuffer*) in NativeOpsHelpers_DataBuffers.cpp:764 [0x11c4eeb] in libnd4jcuda.so
=========         Host Frame: Java_org_nd4j_linalg_jcublas_bindings_Nd4jCuda_dbSyncToPrimary [0x1b6239] in libjnind4jcuda.so
=========         Host Frame:  [0x7f4b2920cc47]
========= 
========= Host API memory access error at host access to 0x7f49224be400 of size 8 bytes
=========     Uninitialized access at 0x7f49224be400 on access by cudaMemcpy source
=========     Saved host backtrace up to driver entry point at error
=========         Host Frame: sd::DataBuffer::syncToPrimary(sd::LaunchContext const*, bool) [0x6c43db] in libnd4jcuda.so
=========         Host Frame: dbSyncToPrimary(sd::InteropDataBuffer*) in NativeOpsHelpers_DataBuffers.cpp:764 [0x11c4eeb] in libnd4jcuda.so
=========         Host Frame: Java_org_nd4j_linalg_jcublas_bindings_Nd4jCuda_dbSyncToPrimary [0x1b6239] in libjnind4jcuda.so
=========         Host Frame:  [0x7f4b2920cc47]
========= 
========= Host API memory access error at host access to 0x7f49224be800 of size 4 bytes
=========     Uninitialized access at 0x7f49224be800 on access by cudaMemcpy source
=========     Saved host backtrace up to driver entry point at error
=========         Host Frame: sd::DataBuffer::syncToPrimary(sd::LaunchContext const*, bool) [0x6c43db] in libnd4jcuda.so
=========         Host Frame: dbSyncToPrimary(sd::InteropDataBuffer*) in NativeOpsHelpers_DataBuffers.cpp:764 [0x11c4eeb] in libnd4jcuda.so
=========         Host Frame: Java_org_nd4j_linalg_jcublas_bindings_Nd4jCuda_dbSyncToPrimary [0x1b6239] in libjnind4jcuda.so
=========         Host Frame:  [0x7f4b2920cc47]
========= 
========= Host API memory access error at host access to 0x7f49224bec00 of size 8 bytes
=========     Uninitialized access at 0x7f49224bec00 on access by cudaMemcpy source
=========     Saved host backtrace up to driver entry point at error
=========         Host Frame: sd::DataBuffer::syncToPrimary(sd::LaunchContext const*, bool) [0x6c43db] in libnd4jcuda.so
=========         Host Frame: dbSyncToPrimary(sd::InteropDataBuffer*) in NativeOpsHelpers_DataBuffers.cpp:764 [0x11c4eeb] in libnd4jcuda.so
=========         Host Frame: Java_org_nd4j_linalg_jcublas_bindings_Nd4jCuda_dbSyncToPrimary [0x1b6239] in libjnind4jcuda.so
=========         Host Frame:  [0x7f4b2920cc47]
========= 
========= Host API memory access error at host access to 0x7f49224bf000 of size 8 bytes
=========     Uninitialized access at 0x7f49224bf000 on access by cudaMemcpy source
=========     Saved host backtrace up to driver entry point at error
=========         Host Frame: sd::DataBuffer::syncToPrimary(sd::LaunchContext const*, bool) [0x6c43db] in libnd4jcuda.so
=========         Host Frame: dbSyncToPrimary(sd::InteropDataBuffer*) in NativeOpsHelpers_DataBuffers.cpp:764 [0x11c4eeb] in libnd4jcuda.so
=========         Host Frame: Java_org_nd4j_linalg_jcublas_bindings_Nd4jCuda_dbSyncToPrimary [0x1b6239] in libjnind4jcuda.so
=========         Host Frame:  [0x7f4b2920cc47]
========= 
========= Host API memory access error at host access to 0x7f49224bf400 of size 8 bytes
=========     Uninitialized access at 0x7f49224bf400 on access by cudaMemcpy source
=========     Saved host backtrace up to driver entry point at error
=========         Host Frame: sd::DataBuffer::syncToPrimary(sd::LaunchContext const*, bool) [0x6c43db] in libnd4jcuda.so
=========         Host Frame: dbSyncToPrimary(sd::InteropDataBuffer*) in NativeOpsHelpers_DataBuffers.cpp:764 [0x11c4eeb] in libnd4jcuda.so
=========         Host Frame: Java_org_nd4j_linalg_jcublas_bindings_Nd4jCuda_dbSyncToPrimary [0x1b6239] in libjnind4jcuda.so
=========         Host Frame:  [0x7f4b2920cc47]
========= 
========= Host API memory access error at host access to 0x7f49224bf800 of size 8 bytes
=========     Uninitialized access at 0x7f49224bf800 on access by cudaMemcpy source
=========     Saved host backtrace up to driver entry point at error
=========         Host Frame: sd::DataBuffer::syncToPrimary(sd::LaunchContext const*, bool) [0x6c43db] in libnd4jcuda.so
=========         Host Frame: dbSyncToPrimary(sd::InteropDataBuffer*) in NativeOpsHelpers_DataBuffers.cpp:764 [0x11c4eeb] in libnd4jcuda.so
=========         Host Frame: Java_org_nd4j_linalg_jcublas_bindings_Nd4jCuda_dbSyncToPrimary [0x1b6239] in libjnind4jcuda.so
=========         Host Frame:  [0x7f4b2920cc47]
========= 
========= Host API memory access error at host access to 0x7f49224bfc00 of size 4 bytes
=========     Uninitialized access at 0x7f49224bfc00 on access by cudaMemcpy source
=========     Saved host backtrace up to driver entry point at error
=========         Host Frame: sd::DataBuffer::syncToPrimary(sd::LaunchContext const*, bool) [0x6c43db] in libnd4jcuda.so
=========         Host Frame: dbSyncToPrimary(sd::InteropDataBuffer*) in NativeOpsHelpers_DataBuffers.cpp:764 [0x11c4eeb] in libnd4jcuda.so
=========         Host Frame: Java_org_nd4j_linalg_jcublas_bindings_Nd4jCuda_dbSyncToPrimary [0x1b6239] in libjnind4jcuda.so
=========         Host Frame:  [0x7f4b2920cc47]
========= 
========= Host API memory access error at host access to 0x7f49224c0000 of size 8 bytes
=========     Uninitialized access at 0x7f49224c0000 on access by cudaMemcpy source
=========     Saved host backtrace up to driver entry point at error
=========         Host Frame: sd::DataBuffer::syncToPrimary(sd::LaunchContext const*, bool) [0x6c43db] in libnd4jcuda.so
=========         Host Frame: dbSyncToPrimary(sd::InteropDataBuffer*) in NativeOpsHelpers_DataBuffers.cpp:764 [0x11c4eeb] in libnd4jcuda.so
=========         Host Frame: Java_org_nd4j_linalg_jcublas_bindings_Nd4jCuda_dbSyncToPrimary [0x1b6239] in libjnind4jcuda.so
=========         Host Frame:  [0x7f4b2920cc47]
========= 
========= Host API memory access error at host access to 0x7f49224c0400 of size 8 bytes
=========     Uninitialized access at 0x7f49224c0400 on access by cudaMemcpy source
=========     Saved host backtrace up to driver entry point at error
=========         Host Frame: sd::DataBuffer::syncToPrimary(sd::LaunchContext const*, bool) [0x6c43db] in libnd4jcuda.so
=========         Host Frame: dbSyncToPrimary(sd::InteropDataBuffer*) in NativeOpsHelpers_DataBuffers.cpp:764 [0x11c4eeb] in libnd4jcuda.so
=========         Host Frame: Java_org_nd4j_linalg_jcublas_bindings_Nd4jCuda_dbSyncToPrimary [0x1b6239] in libjnind4jcuda.so
=========         Host Frame:  [0x7f4b2920cc47]
========= 
========= Host API memory access error at host access to 0x7f49224c0800 of size 8 bytes
=========     Uninitialized access at 0x7f49224c0800 on access by cudaMemcpy source
=========     Saved host backtrace up to driver entry point at error
=========         Host Frame: sd::DataBuffer::syncToPrimary(sd::LaunchContext const*, bool) [0x6c43db] in libnd4jcuda.so
=========         Host Frame: dbSyncToPrimary(sd::InteropDataBuffer*) in NativeOpsHelpers_DataBuffers.cpp:764 [0x11c4eeb] in libnd4jcuda.so
=========         Host Frame: Java_org_nd4j_linalg_jcublas_bindings_Nd4jCuda_dbSyncToPrimary [0x1b6239] in libjnind4jcuda.so
=========         Host Frame:  [0x7f4b2920cc47]
========= 
========= Host API memory access error at host access to 0x7f49224c0c00 of size 8 bytes
=========     Uninitialized access at 0x7f49224c0c00 on access by cudaMemcpy source
=========     Saved host backtrace up to driver entry point at error
=========         Host Frame: sd::DataBuffer::syncToPrimary(sd::LaunchContext const*, bool) [0x6c43db] in libnd4jcuda.so
=========         Host Frame: dbSyncToPrimary(sd::InteropDataBuffer*) in NativeOpsHelpers_DataBuffers.cpp:764 [0x11c4eeb] in libnd4jcuda.so
=========         Host Frame: Java_org_nd4j_linalg_jcublas_bindings_Nd4jCuda_dbSyncToPrimary [0x1b6239] in libjnind4jcuda.so
=========         Host Frame:  [0x7f4b2920cc47]
========= 
========= Host API memory access error at host access to 0x7f49224c1000 of size 4 bytes
=========     Uninitialized access at 0x7f49224c1000 on access by cudaMemcpy source
=========     Saved host backtrace up to driver entry point at error
=========         Host Frame: sd::DataBuffer::syncToPrimary(sd::LaunchContext const*, bool) [0x6c43db] in libnd4jcuda.so
=========         Host Frame: dbSyncToPrimary(sd::InteropDataBuffer*) in NativeOpsHelpers_DataBuffers.cpp:764 [0x11c4eeb] in libnd4jcuda.so
=========         Host Frame: Java_org_nd4j_linalg_jcublas_bindings_Nd4jCuda_dbSyncToPrimary [0x1b6239] in libjnind4jcuda.so
=========         Host Frame:  [0x7f4b2920cc47]
========= 
========= Host API memory access error at host access to 0x7f49224c1400 of size 8 bytes
=========     Uninitialized access at 0x7f49224c1400 on access by cudaMemcpy source
=========     Saved host backtrace up to driver entry point at error
=========         Host Frame: sd::DataBuffer::syncToPrimary(sd::LaunchContext const*, bool) [0x6c43db] in libnd4jcuda.so
=========         Host Frame: dbSyncToPrimary(sd::InteropDataBuffer*) in NativeOpsHelpers_DataBuffers.cpp:764 [0x11c4eeb] in libnd4jcuda.so
=========         Host Frame: Java_org_nd4j_linalg_jcublas_bindings_Nd4jCuda_dbSyncToPrimary [0x1b6239] in libjnind4jcuda.so
=========         Host Frame:  [0x7f4b2920cc47]
========= 
========= Host API memory access error at host access to 0x7f49224c1800 of size 8 bytes
=========     Uninitialized access at 0x7f49224c1800 on access by cudaMemcpy source
=========     Saved host backtrace up to driver entry point at error
=========         Host Frame: sd::DataBuffer::syncToPrimary(sd::LaunchContext const*, bool) [0x6c43db] in libnd4jcuda.so
=========         Host Frame: dbSyncToPrimary(sd::InteropDataBuffer*) in NativeOpsHelpers_DataBuffers.cpp:764 [0x11c4eeb] in libnd4jcuda.so
=========         Host Frame: Java_org_nd4j_linalg_jcublas_bindings_Nd4jCuda_dbSyncToPrimary [0x1b6239] in libjnind4jcuda.so
=========         Host Frame:  [0x7f4b2920cc47]
========= 
========= Host API memory access error at host access to 0x7f49224c1c00 of size 8 bytes
=========     Uninitialized access at 0x7f49224c1c00 on access by cudaMemcpy source
=========     Saved host backtrace up to driver entry point at error
=========         Host Frame: sd::DataBuffer::syncToPrimary(sd::LaunchContext const*, bool) [0x6c43db] in libnd4jcuda.so
=========         Host Frame: dbSyncToPrimary(sd::InteropDataBuffer*) in NativeOpsHelpers_DataBuffers.cpp:764 [0x11c4eeb] in libnd4jcuda.so
=========         Host Frame: Java_org_nd4j_linalg_jcublas_bindings_Nd4jCuda_dbSyncToPrimary [0x1b6239] in libjnind4jcuda.so
=========         Host Frame:  [0x7f4b2920cc47]
========= 
========= Host API memory access error at host access to 0x7f49224c2000 of size 8 bytes
=========     Uninitialized access at 0x7f49224c2000 on access by cudaMemcpy source
=========     Saved host backtrace up to driver entry point at error
=========         Host Frame: sd::DataBuffer::syncToPrimary(sd::LaunchContext const*, bool) [0x6c43db] in libnd4jcuda.so
=========         Host Frame: dbSyncToPrimary(sd::InteropDataBuffer*) in NativeOpsHelpers_DataBuffers.cpp:764 [0x11c4eeb] in libnd4jcuda.so
=========         Host Frame: Java_org_nd4j_linalg_jcublas_bindings_Nd4jCuda_dbSyncToPrimary [0x1b6239] in libjnind4jcuda.so
=========         Host Frame:  [0x7f4b2920cc47]
========= 
========= Host API memory access error at host access to 0x7f49224c2400 of size 4 bytes
=========     Uninitialized access at 0x7f49224c2400 on access by cudaMemcpy source
=========     Saved host backtrace up to driver entry point at error
=========         Host Frame: sd::DataBuffer::syncToPrimary(sd::LaunchContext const*, bool) [0x6c43db] in libnd4jcuda.so
=========         Host Frame: dbSyncToPrimary(sd::InteropDataBuffer*) in NativeOpsHelpers_DataBuffers.cpp:764 [0x11c4eeb] in libnd4jcuda.so
=========         Host Frame: Java_org_nd4j_linalg_jcublas_bindings_Nd4jCuda_dbSyncToPrimary [0x1b6239] in libjnind4jcuda.so
=========         Host Frame:  [0x7f4b2920cc47]
========= 
========= Host API memory access error at host access to 0x7f49224c2800 of size 8 bytes
=========     Uninitialized access at 0x7f49224c2800 on access by cudaMemcpy source
=========     Saved host backtrace up to driver entry point at error
=========         Host Frame: sd::DataBuffer::syncToPrimary(sd::LaunchContext const*, bool) [0x6c43db] in libnd4jcuda.so
=========         Host Frame: dbSyncToPrimary(sd::InteropDataBuffer*) in NativeOpsHelpers_DataBuffers.cpp:764 [0x11c4eeb] in libnd4jcuda.so
=========         Host Frame: Java_org_nd4j_linalg_jcublas_bindings_Nd4jCuda_dbSyncToPrimary [0x1b6239] in libjnind4jcuda.so
=========         Host Frame:  [0x7f4b2920cc47]
========= 
========= Host API memory access error at host access to 0x7f49224c2c00 of size 8 bytes
=========     Uninitialized access at 0x7f49224c2c00 on access by cudaMemcpy source
=========     Saved host backtrace up to driver entry point at error
=========         Host Frame: sd::DataBuffer::syncToPrimary(sd::LaunchContext const*, bool) [0x6c43db] in libnd4jcuda.so
=========         Host Frame: dbSyncToPrimary(sd::InteropDataBuffer*) in NativeOpsHelpers_DataBuffers.cpp:764 [0x11c4eeb] in libnd4jcuda.so
=========         Host Frame: Java_org_nd4j_linalg_jcublas_bindings_Nd4jCuda_dbSyncToPrimary [0x1b6239] in libjnind4jcuda.so
=========         Host Frame:  [0x7f4b2920cc47]
========= 
========= Host API memory access error at host access to 0x7f49224c3000 of size 8 bytes
=========     Uninitialized access at 0x7f49224c3000 on access by cudaMemcpy source
=========     Saved host backtrace up to driver entry point at error
=========         Host Frame: sd::DataBuffer::syncToPrimary(sd::LaunchContext const*, bool) [0x6c43db] in libnd4jcuda.so
=========         Host Frame: dbSyncToPrimary(sd::InteropDataBuffer*) in NativeOpsHelpers_DataBuffers.cpp:764 [0x11c4eeb] in libnd4jcuda.so
=========         Host Frame: Java_org_nd4j_linalg_jcublas_bindings_Nd4jCuda_dbSyncToPrimary [0x1b6239] in libjnind4jcuda.so
=========         Host Frame:  [0x7f4b2920cc47]
========= 
========= Host API memory access error at host access to 0x7f49224c3400 of size 8 bytes
=========     Uninitialized access at 0x7f49224c3400 on access by cudaMemcpy source
=========     Saved host backtrace up to driver entry point at error
=========         Host Frame: sd::DataBuffer::syncToPrimary(sd::LaunchContext const*, bool) [0x6c43db] in libnd4jcuda.so
=========         Host Frame: dbSyncToPrimary(sd::InteropDataBuffer*) in NativeOpsHelpers_DataBuffers.cpp:764 [0x11c4eeb] in libnd4jcuda.so
=========         Host Frame: Java_org_nd4j_linalg_jcublas_bindings_Nd4jCuda_dbSyncToPrimary [0x1b6239] in libjnind4jcuda.so
=========         Host Frame:  [0x7f4b2920cc47]
========= 
========= Host API memory access error at host access to 0x7f49224c3800 of size 4 bytes
=========     Uninitialized access at 0x7f49224c3800 on access by cudaMemcpy source
=========     Saved host backtrace up to driver entry point at error
=========         Host Frame: sd::DataBuffer::syncToPrimary(sd::LaunchContext const*, bool) [0x6c43db] in libnd4jcuda.so
=========         Host Frame: dbSyncToPrimary(sd::InteropDataBuffer*) in NativeOpsHelpers_DataBuffers.cpp:764 [0x11c4eeb] in libnd4jcuda.so
=========         Host Frame: Java_org_nd4j_linalg_jcublas_bindings_Nd4jCuda_dbSyncToPrimary [0x1b6239] in libjnind4jcuda.so
=========         Host Frame:  [0x7f4b2920cc47]
========= 
========= Host API memory access error at host access to 0x7f49224c3c00 of size 8 bytes
=========     Uninitialized access at 0x7f49224c3c00 on access by cudaMemcpy source
=========     Saved host backtrace up to driver entry point at error
=========         Host Frame: sd::DataBuffer::syncToPrimary(sd::LaunchContext const*, bool) [0x6c43db] in libnd4jcuda.so
=========         Host Frame: dbSyncToPrimary(sd::InteropDataBuffer*) in NativeOpsHelpers_DataBuffers.cpp:764 [0x11c4eeb] in libnd4jcuda.so
=========         Host Frame: Java_org_nd4j_linalg_jcublas_bindings_Nd4jCuda_dbSyncToPrimary [0x1b6239] in libjnind4jcuda.so
=========         Host Frame:  [0x7f4b2920cc47]
========= 
========= Host API memory access error at host access to 0x7f49224c4000 of size 8 bytes
=========     Uninitialized access at 0x7f49224c4000 on access by cudaMemcpy source
=========     Saved host backtrace up to driver entry point at error
=========         Host Frame: sd::DataBuffer::syncToPrimary(sd::LaunchContext const*, bool) [0x6c43db] in libnd4jcuda.so
=========         Host Frame: dbSyncToPrimary(sd::InteropDataBuffer*) in NativeOpsHelpers_DataBuffers.cpp:764 [0x11c4eeb] in libnd4jcuda.so
=========         Host Frame: Java_org_nd4j_linalg_jcublas_bindings_Nd4jCuda_dbSyncToPrimary [0x1b6239] in libjnind4jcuda.so
=========         Host Frame:  [0x7f4b2920cc47]
========= 
========= Host API memory access error at host access to 0x7f49224c4400 of size 8 bytes
=========     Uninitialized access at 0x7f49224c4400 on access by cudaMemcpy source
=========     Saved host backtrace up to driver entry point at error
=========         Host Frame: sd::DataBuffer::syncToPrimary(sd::LaunchContext const*, bool) [0x6c43db] in libnd4jcuda.so
=========         Host Frame: dbSyncToPrimary(sd::InteropDataBuffer*) in NativeOpsHelpers_DataBuffers.cpp:764 [0x11c4eeb] in libnd4jcuda.so
=========         Host Frame: Java_org_nd4j_linalg_jcublas_bindings_Nd4jCuda_dbSyncToPrimary [0x1b6239] in libjnind4jcuda.so
=========         Host Frame:  [0x7f4b2920cc47]
========= 
========= Host API memory access error at host access to 0x7f49224c4800 of size 8 bytes
=========     Uninitialized access at 0x7f49224c4800 on access by cudaMemcpy source
=========     Saved host backtrace up to driver entry point at error
=========         Host Frame: sd::DataBuffer::syncToPrimary(sd::LaunchContext const*, bool) [0x6c43db] in libnd4jcuda.so
=========         Host Frame: dbSyncToPrimary(sd::InteropDataBuffer*) in NativeOpsHelpers_DataBuffers.cpp:764 [0x11c4eeb] in libnd4jcuda.so
=========         Host Frame: Java_org_nd4j_linalg_jcublas_bindings_Nd4jCuda_dbSyncToPrimary [0x1b6239] in libjnind4jcuda.so
=========         Host Frame:  [0x7f4b2920cc47]
========= 
========= Host API memory access error at host access to 0x7f49224c4c00 of size 4 bytes
=========     Uninitialized access at 0x7f49224c4c00 on access by cudaMemcpy source
=========     Saved host backtrace up to driver entry point at error
=========         Host Frame: sd::DataBuffer::syncToPrimary(sd::LaunchContext const*, bool) [0x6c43db] in libnd4jcuda.so
=========         Host Frame: dbSyncToPrimary(sd::InteropDataBuffer*) in NativeOpsHelpers_DataBuffers.cpp:764 [0x11c4eeb] in libnd4jcuda.so
=========         Host Frame: Java_org_nd4j_linalg_jcublas_bindings_Nd4jCuda_dbSyncToPrimary [0x1b6239] in libjnind4jcuda.so
=========         Host Frame:  [0x7f4b2920cc47]
========= 
========= Host API memory access error at host access to 0x7f49224c5000 of size 8 bytes
=========     Uninitialized access at 0x7f49224c5000 on access by cudaMemcpy source
=========     Saved host backtrace up to driver entry point at error
=========         Host Frame: sd::DataBuffer::syncToPrimary(sd::LaunchContext const*, bool) [0x6c43db] in libnd4jcuda.so
=========         Host Frame: dbSyncToPrimary(sd::InteropDataBuffer*) in NativeOpsHelpers_DataBuffers.cpp:764 [0x11c4eeb] in libnd4jcuda.so
=========         Host Frame: Java_org_nd4j_linalg_jcublas_bindings_Nd4jCuda_dbSyncToPrimary [0x1b6239] in libjnind4jcuda.so
=========         Host Frame:  [0x7f4b2920cc47]
========= 
========= Host API memory access error at host access to 0x7f49224c5400 of size 8 bytes
=========     Uninitialized access at 0x7f49224c5400 on access by cudaMemcpy source
=========     Saved host backtrace up to driver entry point at error
=========         Host Frame: sd::DataBuffer::syncToPrimary(sd::LaunchContext const*, bool) [0x6c43db] in libnd4jcuda.so
=========         Host Frame: dbSyncToPrimary(sd::InteropDataBuffer*) in NativeOpsHelpers_DataBuffers.cpp:764 [0x11c4eeb] in libnd4jcuda.so
=========         Host Frame: Java_org_nd4j_linalg_jcublas_bindings_Nd4jCuda_dbSyncToPrimary [0x1b6239] in libjnind4jcuda.so
=========         Host Frame:  [0x7f4b2920cc47]
========= 
========= Host API memory access error at host access to 0x7f49224c5800 of size 8 bytes
=========     Uninitialized access at 0x7f49224c5800 on access by cudaMemcpy source
=========     Saved host backtrace up to driver entry point at error
=========         Host Frame: sd::DataBuffer::syncToPrimary(sd::LaunchContext const*, bool) [0x6c43db] in libnd4jcuda.so
=========         Host Frame: dbSyncToPrimary(sd::InteropDataBuffer*) in NativeOpsHelpers_DataBuffers.cpp:764 [0x11c4eeb] in libnd4jcuda.so
=========         Host Frame: Java_org_nd4j_linalg_jcublas_bindings_Nd4jCuda_dbSyncToPrimary [0x1b6239] in libjnind4jcuda.so
=========         Host Frame:  [0x7f4b2920cc47]
========= 
========= Host API memory access error at host access to 0x7f49224c5c00 of size 8 bytes
=========     Uninitialized access at 0x7f49224c5c00 on access by cudaMemcpy source
=========     Saved host backtrace up to driver entry point at error
=========         Host Frame: sd::DataBuffer::syncToPrimary(sd::LaunchContext const*, bool) [0x6c43db] in libnd4jcuda.so
=========         Host Frame: dbSyncToPrimary(sd::InteropDataBuffer*) in NativeOpsHelpers_DataBuffers.cpp:764 [0x11c4eeb] in libnd4jcuda.so
=========         Host Frame: Java_org_nd4j_linalg_jcublas_bindings_Nd4jCuda_dbSyncToPrimary [0x1b6239] in libjnind4jcuda.so
=========         Host Frame:  [0x7f4b2920cc47]
========= 
========= Host API memory access error at host access to 0x7f49224c6000 of size 4 bytes
=========     Uninitialized access at 0x7f49224c6000 on access by cudaMemcpy source
=========     Saved host backtrace up to driver entry point at error
=========         Host Frame: sd::DataBuffer::syncToPrimary(sd::LaunchContext const*, bool) [0x6c43db] in libnd4jcuda.so
=========         Host Frame: dbSyncToPrimary(sd::InteropDataBuffer*) in NativeOpsHelpers_DataBuffers.cpp:764 [0x11c4eeb] in libnd4jcuda.so
=========         Host Frame: Java_org_nd4j_linalg_jcublas_bindings_Nd4jCuda_dbSyncToPrimary [0x1b6239] in libjnind4jcuda.so
=========         Host Frame:  [0x7f4b2920cc47]
========= 
========= Host API memory access error at host access to 0x7f49224c6400 of size 8 bytes
=========     Uninitialized access at 0x7f49224c6400 on access by cudaMemcpy source
=========     Saved host backtrace up to driver entry point at error
=========         Host Frame: sd::DataBuffer::syncToPrimary(sd::LaunchContext const*, bool) [0x6c43db] in libnd4jcuda.so
=========         Host Frame: dbSyncToPrimary(sd::InteropDataBuffer*) in NativeOpsHelpers_DataBuffers.cpp:764 [0x11c4eeb] in libnd4jcuda.so
=========         Host Frame: Java_org_nd4j_linalg_jcublas_bindings_Nd4jCuda_dbSyncToPrimary [0x1b6239] in libjnind4jcuda.so
=========         Host Frame:  [0x7f4b2920cc47]
========= 
========= Host API memory access error at host access to 0x7f49224c6800 of size 8 bytes
=========     Uninitialized access at 0x7f49224c6800 on access by cudaMemcpy source
=========     Saved host backtrace up to driver entry point at error
=========         Host Frame: sd::DataBuffer::syncToPrimary(sd::LaunchContext const*, bool) [0x6c43db] in libnd4jcuda.so
=========         Host Frame: dbSyncToPrimary(sd::InteropDataBuffer*) in NativeOpsHelpers_DataBuffers.cpp:764 [0x11c4eeb] in libnd4jcuda.so
=========         Host Frame: Java_org_nd4j_linalg_jcublas_bindings_Nd4jCuda_dbSyncToPrimary [0x1b6239] in libjnind4jcuda.so
=========         Host Frame:  [0x7f4b2920cc47]
========= 
========= Host API memory access error at host access to 0x7f49224c6c00 of size 8 bytes
=========     Uninitialized access at 0x7f49224c6c00 on access by cudaMemcpy source
=========     Saved host backtrace up to driver entry point at error
=========         Host Frame: sd::DataBuffer::syncToPrimary(sd::LaunchContext const*, bool) [0x6c43db] in libnd4jcuda.so
=========         Host Frame: dbSyncToPrimary(sd::InteropDataBuffer*) in NativeOpsHelpers_DataBuffers.cpp:764 [0x11c4eeb] in libnd4jcuda.so
=========         Host Frame: Java_org_nd4j_linalg_jcublas_bindings_Nd4jCuda_dbSyncToPrimary [0x1b6239] in libjnind4jcuda.so
=========         Host Frame:  [0x7f4b2920cc47]
========= 
========= Host API memory access error at host access to 0x7f49224c7000 of size 8 bytes
=========     Uninitialized access at 0x7f49224c7000 on access by cudaMemcpy source
=========     Saved host backtrace up to driver entry point at error
=========         Host Frame: sd::DataBuffer::syncToPrimary(sd::LaunchContext const*, bool) [0x6c43db] in libnd4jcuda.so
=========         Host Frame: dbSyncToPrimary(sd::InteropDataBuffer*) in NativeOpsHelpers_DataBuffers.cpp:764 [0x11c4eeb] in libnd4jcuda.so
=========         Host Frame: Java_org_nd4j_linalg_jcublas_bindings_Nd4jCuda_dbSyncToPrimary [0x1b6239] in libjnind4jcuda.so
=========         Host Frame:  [0x7f4b2920cc47]
========= 
========= Host API memory access error at host access to 0x7f49224c7400 of size 4 bytes
=========     Uninitialized access at 0x7f49224c7400 on access by cudaMemcpy source
=========     Saved host backtrace up to driver entry point at error
=========         Host Frame: sd::DataBuffer::syncToPrimary(sd::LaunchContext const*, bool) [0x6c43db] in libnd4jcuda.so
=========         Host Frame: dbSyncToPrimary(sd::InteropDataBuffer*) in NativeOpsHelpers_DataBuffers.cpp:764 [0x11c4eeb] in libnd4jcuda.so
=========         Host Frame: Java_org_nd4j_linalg_jcublas_bindings_Nd4jCuda_dbSyncToPrimary [0x1b6239] in libjnind4jcuda.so
=========         Host Frame:  [0x7f4b2920cc47]
========= 
========= Host API memory access error at host access to 0x7f49224c7800 of size 8 bytes
=========     Uninitialized access at 0x7f49224c7800 on access by cudaMemcpy source
=========     Saved host backtrace up to driver entry point at error
=========         Host Frame: sd::DataBuffer::syncToPrimary(sd::LaunchContext const*, bool) [0x6c43db] in libnd4jcuda.so
=========         Host Frame: dbSyncToPrimary(sd::InteropDataBuffer*) in NativeOpsHelpers_DataBuffers.cpp:764 [0x11c4eeb] in libnd4jcuda.so
=========         Host Frame: Java_org_nd4j_linalg_jcublas_bindings_Nd4jCuda_dbSyncToPrimary [0x1b6239] in libjnind4jcuda.so
=========         Host Frame:  [0x7f4b2920cc47]
========= 
========= Host API memory access error at host access to 0x7f49224c7c00 of size 8 bytes
=========     Uninitialized access at 0x7f49224c7c00 on access by cudaMemcpy source
=========     Saved host backtrace up to driver entry point at error
=========         Host Frame: sd::DataBuffer::syncToPrimary(sd::LaunchContext const*, bool) [0x6c43db] in libnd4jcuda.so
=========         Host Frame: dbSyncToPrimary(sd::InteropDataBuffer*) in NativeOpsHelpers_DataBuffers.cpp:764 [0x11c4eeb] in libnd4jcuda.so
=========         Host Frame: Java_org_nd4j_linalg_jcublas_bindings_Nd4jCuda_dbSyncToPrimary [0x1b6239] in libjnind4jcuda.so
=========         Host Frame:  [0x7f4b2920cc47]
========= 
